{"contracts/ERC20.sol":{"l":{"33":4,"34":4,"35":4,"36":4,"37":4,"38":4,"49":32,"50":30,"51":28,"52":28,"53":28,"54":28,"64":10,"65":8,"66":6,"67":6,"68":4,"69":4,"70":4,"80":1,"81":1,"82":1,"83":1,"84":1,"94":1,"95":1,"96":1,"97":1,"98":1,"99":1,"109":6,"110":6,"111":6,"122":1,"132":32,"142":3,"153":1},"path":"/home/peter/Documents/Work/MyBit/MyBit-Tokensale.tech/contracts/ERC20.sol","s":{"1":4,"2":4,"3":4,"4":4,"5":4,"6":4,"7":32,"8":30,"9":28,"10":28,"11":28,"12":28,"13":10,"14":8,"15":6,"16":6,"17":4,"18":4,"19":4,"20":1,"21":1,"22":1,"23":1,"24":1,"25":1,"26":1,"27":1,"28":1,"29":1,"30":1,"31":6,"32":6,"33":6,"34":1,"35":32,"36":3,"37":1},"b":{"1":[30,2],"2":[28,2],"3":[8,2],"4":[6,2]},"f":{"1":4,"2":32,"3":10,"4":1,"5":1,"6":6,"7":1,"8":32,"9":3,"10":1},"fnMap":{"1":{"name":null,"line":31,"loc":{"start":{"line":31,"column":4},"end":{"line":32,"column":12}}},"2":{"name":"transfer","line":46,"loc":{"start":{"line":46,"column":4},"end":{"line":48,"column":28}}},"3":{"name":"transferFrom","line":61,"loc":{"start":{"line":61,"column":4},"end":{"line":63,"column":28}}},"4":{"name":"burn","line":77,"loc":{"start":{"line":77,"column":4},"end":{"line":79,"column":28}}},"5":{"name":"burnFrom","line":91,"loc":{"start":{"line":91,"column":4},"end":{"line":93,"column":28}}},"6":{"name":"approve","line":106,"loc":{"start":{"line":106,"column":4},"end":{"line":108,"column":28}}},"7":{"name":"totalSupply","line":118,"loc":{"start":{"line":118,"column":4},"end":{"line":121,"column":32}}},"8":{"name":"balanceOf","line":128,"loc":{"start":{"line":128,"column":4},"end":{"line":131,"column":28}}},"9":{"name":"allowance","line":138,"loc":{"start":{"line":138,"column":4},"end":{"line":141,"column":30}}},"10":{"name":null,"line":150,"loc":{"start":{"line":150,"column":4},"end":{"line":152,"column":13}}}},"statementMap":{"1":{"start":{"line":33,"column":8},"end":{"line":33,"column":44}},"2":{"start":{"line":34,"column":8},"end":{"line":34,"column":30}},"3":{"start":{"line":35,"column":8},"end":{"line":35,"column":24}},"4":{"start":{"line":36,"column":8},"end":{"line":36,"column":31}},"5":{"start":{"line":37,"column":8},"end":{"line":37,"column":28}},"6":{"start":{"line":38,"column":8},"end":{"line":38,"column":61}},"7":{"start":{"line":49,"column":8},"end":{"line":49,"column":33}},"8":{"start":{"line":50,"column":8},"end":{"line":50,"column":36}},"9":{"start":{"line":51,"column":8},"end":{"line":51,"column":63}},"10":{"start":{"line":52,"column":8},"end":{"line":52,"column":49}},"11":{"start":{"line":53,"column":8},"end":{"line":53,"column":47}},"12":{"start":{"line":54,"column":8},"end":{"line":54,"column":19}},"13":{"start":{"line":64,"column":8},"end":{"line":64,"column":33}},"14":{"start":{"line":65,"column":8},"end":{"line":65,"column":36}},"15":{"start":{"line":66,"column":8},"end":{"line":66,"column":53}},"16":{"start":{"line":67,"column":8},"end":{"line":67,"column":75}},"17":{"start":{"line":68,"column":8},"end":{"line":68,"column":49}},"18":{"start":{"line":69,"column":8},"end":{"line":69,"column":42}},"19":{"start":{"line":70,"column":8},"end":{"line":70,"column":19}},"20":{"start":{"line":80,"column":6},"end":{"line":80,"column":61}},"21":{"start":{"line":81,"column":6},"end":{"line":81,"column":33}},"22":{"start":{"line":82,"column":6},"end":{"line":82,"column":39}},"23":{"start":{"line":83,"column":6},"end":{"line":83,"column":52}},"24":{"start":{"line":84,"column":6},"end":{"line":84,"column":17}},"25":{"start":{"line":94,"column":6},"end":{"line":94,"column":51}},"26":{"start":{"line":95,"column":6},"end":{"line":95,"column":73}},"27":{"start":{"line":96,"column":6},"end":{"line":96,"column":33}},"28":{"start":{"line":97,"column":6},"end":{"line":97,"column":34}},"29":{"start":{"line":98,"column":6},"end":{"line":98,"column":47}},"30":{"start":{"line":99,"column":6},"end":{"line":99,"column":17}},"31":{"start":{"line":109,"column":8},"end":{"line":109,"column":46}},"32":{"start":{"line":110,"column":8},"end":{"line":110,"column":52}},"33":{"start":{"line":111,"column":8},"end":{"line":111,"column":19}},"34":{"start":{"line":122,"column":8},"end":{"line":122,"column":21}},"35":{"start":{"line":132,"column":8},"end":{"line":132,"column":37}},"36":{"start":{"line":142,"column":8},"end":{"line":142,"column":46}},"37":{"start":{"line":153,"column":8},"end":{"line":153,"column":15}}},"branchMap":{"1":{"line":49,"type":"if","locations":[{"start":{"line":49,"column":8},"end":{"line":49,"column":8}},{"start":{"line":49,"column":8},"end":{"line":49,"column":8}}]},"2":{"line":50,"type":"if","locations":[{"start":{"line":50,"column":8},"end":{"line":50,"column":8}},{"start":{"line":50,"column":8},"end":{"line":50,"column":8}}]},"3":{"line":64,"type":"if","locations":[{"start":{"line":64,"column":8},"end":{"line":64,"column":8}},{"start":{"line":64,"column":8},"end":{"line":64,"column":8}}]},"4":{"line":65,"type":"if","locations":[{"start":{"line":65,"column":8},"end":{"line":65,"column":8}},{"start":{"line":65,"column":8},"end":{"line":65,"column":8}}]}}},"contracts/ERC20Interface.sol":{"l":{},"path":"/home/peter/Documents/Work/MyBit/MyBit-Tokensale.tech/contracts/ERC20Interface.sol","s":{},"b":{},"f":{},"fnMap":{},"statementMap":{},"branchMap":{}},"contracts/SafeMath.sol":{"l":{"11":1191,"12":191,"14":1000,"15":1000,"16":999,"24":2173,"29":1043,"30":1040,"35":1455,"36":1455,"37":1454},"path":"/home/peter/Documents/Work/MyBit/MyBit-Tokensale.tech/contracts/SafeMath.sol","s":{"1":1191,"2":191,"3":1000,"4":1000,"5":999,"6":2173,"7":1043,"8":1040,"9":1455,"10":1455,"11":1454},"b":{"1":[191,1000],"2":[999,1],"3":[1040,3],"4":[1454,1]},"f":{"1":1191,"2":2173,"3":1043,"4":1455},"fnMap":{"1":{"name":"mul","line":10,"loc":{"start":{"line":10,"column":2},"end":{"line":10,"column":68}}},"2":{"name":"div","line":20,"loc":{"start":{"line":20,"column":2},"end":{"line":20,"column":68}}},"3":{"name":"sub","line":28,"loc":{"start":{"line":28,"column":2},"end":{"line":28,"column":68}}},"4":{"name":"add","line":34,"loc":{"start":{"line":34,"column":2},"end":{"line":34,"column":68}}}},"statementMap":{"1":{"start":{"line":11,"column":4},"end":{"line":11,"column":388}},"2":{"start":{"line":12,"column":6},"end":{"line":12,"column":14}},"3":{"start":{"line":14,"column":4},"end":{"line":14,"column":20}},"4":{"start":{"line":15,"column":4},"end":{"line":15,"column":21}},"5":{"start":{"line":16,"column":4},"end":{"line":16,"column":12}},"6":{"start":{"line":24,"column":4},"end":{"line":24,"column":16}},"7":{"start":{"line":29,"column":4},"end":{"line":29,"column":17}},"8":{"start":{"line":30,"column":4},"end":{"line":30,"column":16}},"9":{"start":{"line":35,"column":4},"end":{"line":35,"column":20}},"10":{"start":{"line":36,"column":4},"end":{"line":36,"column":17}},"11":{"start":{"line":37,"column":4},"end":{"line":37,"column":12}}},"branchMap":{"1":{"line":11,"type":"if","locations":[{"start":{"line":11,"column":4},"end":{"line":11,"column":4}},{"start":{"line":11,"column":4},"end":{"line":11,"column":4}}]},"2":{"line":15,"type":"if","locations":[{"start":{"line":15,"column":4},"end":{"line":15,"column":4}},{"start":{"line":15,"column":4},"end":{"line":15,"column":4}}]},"3":{"line":29,"type":"if","locations":[{"start":{"line":29,"column":4},"end":{"line":29,"column":4}},{"start":{"line":29,"column":4},"end":{"line":29,"column":4}}]},"4":{"line":36,"type":"if","locations":[{"start":{"line":36,"column":4},"end":{"line":36,"column":4}},{"start":{"line":36,"column":4},"end":{"line":36,"column":4}}]}}},"contracts/SafeMathWrapper.sol":{"l":{"9":3,"13":1,"17":2,"21":2},"path":"/home/peter/Documents/Work/MyBit/MyBit-Tokensale.tech/contracts/SafeMathWrapper.sol","s":{"1":3,"2":1,"3":2,"4":2},"b":{},"f":{"1":3,"2":1,"3":2,"4":2},"fnMap":{"1":{"name":"multiply","line":8,"loc":{"start":{"line":8,"column":2},"end":{"line":8,"column":73}}},"2":{"name":"divide","line":12,"loc":{"start":{"line":12,"column":2},"end":{"line":12,"column":71}}},"3":{"name":"subtract","line":16,"loc":{"start":{"line":16,"column":2},"end":{"line":16,"column":73}}},"4":{"name":"addto","line":20,"loc":{"start":{"line":20,"column":2},"end":{"line":20,"column":70}}}},"statementMap":{"1":{"start":{"line":9,"column":4},"end":{"line":9,"column":19}},"2":{"start":{"line":13,"column":4},"end":{"line":13,"column":19}},"3":{"start":{"line":17,"column":4},"end":{"line":17,"column":19}},"4":{"start":{"line":21,"column":4},"end":{"line":21,"column":19}}},"branchMap":{}},"contracts/TokenSale.sol":{"l":{"32":3,"33":3,"34":3,"35":3,"44":11,"45":9,"46":5,"47":5,"48":3,"49":3,"50":3,"60":21,"61":11,"70":22,"71":20,"72":14,"73":14,"74":12,"75":419,"77":10,"85":10,"86":6,"87":6,"88":6,"89":6,"90":6,"91":6,"99":22,"100":22,"101":20,"102":513,"103":511,"104":511,"105":511,"106":511,"108":18,"109":18,"119":3,"120":3,"121":1,"122":1,"123":1,"124":1,"134":444,"135":439,"136":433,"137":429,"138":429,"139":429,"140":429,"141":429,"149":583,"150":583,"151":583,"159":2,"160":52,"162":2,"170":5,"177":5,"185":991,"194":957,"202":442,"211":25,"218":4,"223":16,"224":14},"path":"/home/peter/Documents/Work/MyBit/MyBit-Tokensale.tech/contracts/TokenSale.sol","s":{"1":3,"2":3,"3":3,"4":3,"5":11,"6":9,"7":5,"8":5,"9":3,"10":3,"11":3,"12":21,"13":11,"14":22,"15":20,"16":14,"17":14,"18":12,"19":419,"20":10,"21":10,"22":6,"23":6,"24":6,"25":6,"26":22,"27":20,"28":513,"29":511,"30":511,"31":511,"32":18,"33":3,"34":3,"35":1,"36":1,"37":444,"38":439,"39":433,"40":429,"41":429,"42":429,"43":429,"44":429,"45":583,"46":583,"47":583,"48":2,"49":52,"50":2,"51":5,"52":5,"53":991,"54":2,"55":989,"56":957,"57":442,"58":25,"59":4,"60":16},"b":{"1":[9,2],"2":[5,4],"3":[3,2],"4":[11,10],"5":[20,2],"6":[14,6],"7":[12,2],"8":[417,2],"9":[6,4],"10":[20,2],"11":[511,2],"12":[1,2],"13":[439,5],"14":[433,6],"15":[429,4],"16":[2,989],"17":[1,3],"18":[14,2]},"f":{"1":3,"2":11,"3":21,"4":22,"5":10,"6":22,"7":3,"8":444,"9":583,"10":2,"11":5,"12":5,"13":991,"14":957,"15":442,"16":25,"17":4,"18":16},"fnMap":{"1":{"name":null,"line":30,"loc":{"start":{"line":30,"column":2},"end":{"line":31,"column":10}}},"2":{"name":"startSale","line":40,"loc":{"start":{"line":40,"column":2},"end":{"line":43,"column":17}}},"3":{"name":"fund","line":56,"loc":{"start":{"line":56,"column":2},"end":{"line":59,"column":18}}},"4":{"name":"batchFund","line":66,"loc":{"start":{"line":66,"column":2},"end":{"line":69,"column":18}}},"5":{"name":"withdraw","line":82,"loc":{"start":{"line":82,"column":2},"end":{"line":84,"column":18}}},"6":{"name":"batchWithdraw","line":96,"loc":{"start":{"line":96,"column":2},"end":{"line":98,"column":18}}},"7":{"name":"foundationWithdraw","line":115,"loc":{"start":{"line":115,"column":2},"end":{"line":118,"column":17}}},"8":{"name":"addContribution","line":131,"loc":{"start":{"line":131,"column":2},"end":{"line":133,"column":18}}},"9":{"name":"getTokensOwed","line":145,"loc":{"start":{"line":145,"column":2},"end":{"line":148,"column":21}}},"10":{"name":"getTotalTokensOwed","line":155,"loc":{"start":{"line":155,"column":2},"end":{"line":158,"column":28}}},"11":{"name":"getWeiContributed","line":166,"loc":{"start":{"line":166,"column":2},"end":{"line":169,"column":21}}},"12":{"name":"getTotalWeiContributed","line":173,"loc":{"start":{"line":173,"column":2},"end":{"line":176,"column":21}}},"13":{"name":"dayFor","line":181,"loc":{"start":{"line":181,"column":2},"end":{"line":184,"column":20}}},"14":{"name":"dayFinished","line":190,"loc":{"start":{"line":190,"column":2},"end":{"line":193,"column":18}}},"15":{"name":"duringSale","line":198,"loc":{"start":{"line":198,"column":2},"end":{"line":201,"column":17}}},"16":{"name":"currentDay","line":207,"loc":{"start":{"line":207,"column":2},"end":{"line":210,"column":20}}},"17":{"name":null,"line":215,"loc":{"start":{"line":215,"column":2},"end":{"line":217,"column":11}}},"18":{"name":"onlyOwner","line":222,"loc":{"start":{"line":222,"column":2},"end":{"line":222,"column":20}}}},"statementMap":{"1":{"start":{"line":32,"column":4},"end":{"line":32,"column":39}},"2":{"start":{"line":33,"column":4},"end":{"line":33,"column":37}},"3":{"start":{"line":34,"column":4},"end":{"line":34,"column":35}},"4":{"start":{"line":35,"column":4},"end":{"line":35,"column":21}},"5":{"start":{"line":44,"column":4},"end":{"line":44,"column":41}},"6":{"start":{"line":45,"column":4},"end":{"line":45,"column":90}},"7":{"start":{"line":46,"column":4},"end":{"line":46,"column":42}},"8":{"start":{"line":47,"column":4},"end":{"line":47,"column":72}},"9":{"start":{"line":48,"column":4},"end":{"line":48,"column":21}},"10":{"start":{"line":49,"column":4},"end":{"line":49,"column":93}},"11":{"start":{"line":50,"column":4},"end":{"line":50,"column":15}},"12":{"start":{"line":60,"column":6},"end":{"line":60,"column":58}},"13":{"start":{"line":61,"column":6},"end":{"line":61,"column":17}},"14":{"start":{"line":70,"column":4},"end":{"line":70,"column":29}},"15":{"start":{"line":71,"column":4},"end":{"line":71,"column":36}},"16":{"start":{"line":72,"column":4},"end":{"line":72,"column":52}},"17":{"start":{"line":73,"column":4},"end":{"line":73,"column":54}},"18":{"start":{"line":74,"column":4},"end":{"line":74,"column":2306}},"19":{"start":{"line":75,"column":6},"end":{"line":75,"column":64}},"20":{"start":{"line":77,"column":4},"end":{"line":77,"column":15}},"21":{"start":{"line":85,"column":6},"end":{"line":85,"column":63}},"22":{"start":{"line":86,"column":6},"end":{"line":86,"column":36}},"23":{"start":{"line":87,"column":6},"end":{"line":87,"column":53}},"24":{"start":{"line":90,"column":6},"end":{"line":90,"column":55}},"25":{"start":{"line":91,"column":6},"end":{"line":91,"column":17}},"26":{"start":{"line":100,"column":4},"end":{"line":100,"column":29}},"27":{"start":{"line":101,"column":4},"end":{"line":101,"column":3217}},"28":{"start":{"line":102,"column":6},"end":{"line":102,"column":34}},"29":{"start":{"line":103,"column":6},"end":{"line":103,"column":61}},"30":{"start":{"line":104,"column":6},"end":{"line":104,"column":37}},"31":{"start":{"line":106,"column":6},"end":{"line":106,"column":63}},"32":{"start":{"line":109,"column":4},"end":{"line":109,"column":15}},"33":{"start":{"line":119,"column":4},"end":{"line":119,"column":32}},"34":{"start":{"line":120,"column":4},"end":{"line":120,"column":34}},"35":{"start":{"line":123,"column":4},"end":{"line":123,"column":64}},"36":{"start":{"line":124,"column":4},"end":{"line":124,"column":15}},"37":{"start":{"line":134,"column":4},"end":{"line":134,"column":56}},"38":{"start":{"line":135,"column":4},"end":{"line":135,"column":58}},"39":{"start":{"line":136,"column":4},"end":{"line":136,"column":58}},"40":{"start":{"line":137,"column":4},"end":{"line":137,"column":32}},"41":{"start":{"line":138,"column":4},"end":{"line":138,"column":69}},"42":{"start":{"line":139,"column":4},"end":{"line":139,"column":81}},"43":{"start":{"line":140,"column":4},"end":{"line":140,"column":53}},"44":{"start":{"line":141,"column":4},"end":{"line":141,"column":15}},"45":{"start":{"line":149,"column":6},"end":{"line":149,"column":36}},"46":{"start":{"line":150,"column":6},"end":{"line":150,"column":114}},"47":{"start":{"line":151,"column":6},"end":{"line":151,"column":60}},"48":{"start":{"line":159,"column":4},"end":{"line":159,"column":5516}},"49":{"start":{"line":160,"column":6},"end":{"line":160,"column":63}},"50":{"start":{"line":162,"column":4},"end":{"line":162,"column":17}},"51":{"start":{"line":170,"column":4},"end":{"line":170,"column":49}},"52":{"start":{"line":177,"column":4},"end":{"line":177,"column":40}},"53":{"start":{"line":185,"column":6},"end":{"line":185,"column":6211}},"54":{"start":{"line":185,"column":30},"end":{"line":185,"column":38}},"55":{"start":{"line":186,"column":11},"end":{"line":186,"column":58}},"56":{"start":{"line":194,"column":4},"end":{"line":194,"column":29}},"57":{"start":{"line":202,"column":4},"end":{"line":202,"column":56}},"58":{"start":{"line":211,"column":4},"end":{"line":211,"column":22}},"59":{"start":{"line":218,"column":6},"end":{"line":218,"column":66}},"60":{"start":{"line":223,"column":4},"end":{"line":223,"column":31}}},"branchMap":{"1":{"line":44,"type":"if","locations":[{"start":{"line":44,"column":4},"end":{"line":44,"column":4}},{"start":{"line":44,"column":4},"end":{"line":44,"column":4}}]},"2":{"line":45,"type":"if","locations":[{"start":{"line":45,"column":4},"end":{"line":45,"column":4}},{"start":{"line":45,"column":4},"end":{"line":45,"column":4}}]},"3":{"line":47,"type":"if","locations":[{"start":{"line":47,"column":4},"end":{"line":47,"column":4}},{"start":{"line":47,"column":4},"end":{"line":47,"column":4}}]},"4":{"line":60,"type":"if","locations":[{"start":{"line":60,"column":6},"end":{"line":60,"column":6}},{"start":{"line":60,"column":6},"end":{"line":60,"column":6}}]},"5":{"line":70,"type":"if","locations":[{"start":{"line":70,"column":4},"end":{"line":70,"column":4}},{"start":{"line":70,"column":4},"end":{"line":70,"column":4}}]},"6":{"line":71,"type":"if","locations":[{"start":{"line":71,"column":4},"end":{"line":71,"column":4}},{"start":{"line":71,"column":4},"end":{"line":71,"column":4}}]},"7":{"line":73,"type":"if","locations":[{"start":{"line":73,"column":4},"end":{"line":73,"column":4}},{"start":{"line":73,"column":4},"end":{"line":73,"column":4}}]},"8":{"line":75,"type":"if","locations":[{"start":{"line":75,"column":6},"end":{"line":75,"column":6}},{"start":{"line":75,"column":6},"end":{"line":75,"column":6}}]},"9":{"line":85,"type":"if","locations":[{"start":{"line":85,"column":6},"end":{"line":85,"column":6}},{"start":{"line":85,"column":6},"end":{"line":85,"column":6}}]},"10":{"line":100,"type":"if","locations":[{"start":{"line":100,"column":4},"end":{"line":100,"column":4}},{"start":{"line":100,"column":4},"end":{"line":100,"column":4}}]},"11":{"line":102,"type":"if","locations":[{"start":{"line":102,"column":6},"end":{"line":102,"column":6}},{"start":{"line":102,"column":6},"end":{"line":102,"column":6}}]},"12":{"line":120,"type":"if","locations":[{"start":{"line":120,"column":4},"end":{"line":120,"column":4}},{"start":{"line":120,"column":4},"end":{"line":120,"column":4}}]},"13":{"line":134,"type":"if","locations":[{"start":{"line":134,"column":4},"end":{"line":134,"column":4}},{"start":{"line":134,"column":4},"end":{"line":134,"column":4}}]},"14":{"line":135,"type":"if","locations":[{"start":{"line":135,"column":4},"end":{"line":135,"column":4}},{"start":{"line":135,"column":4},"end":{"line":135,"column":4}}]},"15":{"line":136,"type":"if","locations":[{"start":{"line":136,"column":4},"end":{"line":136,"column":4}},{"start":{"line":136,"column":4},"end":{"line":136,"column":4}}]},"16":{"line":185,"type":"if","locations":[{"start":{"line":185,"column":6},"end":{"line":185,"column":6}},{"start":{"line":185,"column":6},"end":{"line":185,"column":6}}]},"17":{"line":218,"type":"if","locations":[{"start":{"line":218,"column":6},"end":{"line":218,"column":6}},{"start":{"line":218,"column":6},"end":{"line":218,"column":6}}]},"18":{"line":223,"type":"if","locations":[{"start":{"line":223,"column":4},"end":{"line":223,"column":4}},{"start":{"line":223,"column":4},"end":{"line":223,"column":4}}]}}}}