{"contracts/ERC20.sol":{"l":{"33":3,"34":3,"35":3,"36":3,"37":3,"38":3,"49":12,"50":11,"51":10,"52":10,"53":10,"54":10,"64":6,"65":5,"66":4,"67":4,"68":3,"69":3,"70":3,"80":5,"81":5,"82":5,"93":0,"94":0,"95":0,"96":0,"106":1,"107":1,"108":1,"109":1,"110":1,"120":2,"121":2,"122":1,"123":1,"124":1,"125":1,"135":1,"145":20,"155":3,"166":1},"path":"/home/peter/Documents/Work/MyBit/MyBit-Tokensale.tech/contracts/ERC20.sol","s":{"1":3,"2":3,"3":3,"4":3,"5":3,"6":3,"7":12,"8":11,"9":10,"10":10,"11":10,"12":10,"13":6,"14":5,"15":4,"16":4,"17":3,"18":3,"19":3,"20":5,"21":5,"22":5,"23":0,"24":0,"25":0,"26":0,"27":1,"28":1,"29":1,"30":1,"31":1,"32":2,"33":2,"34":1,"35":1,"36":1,"37":1,"38":1,"39":20,"40":3,"41":1},"b":{"1":[11,1],"2":[10,1],"3":[5,1],"4":[4,1]},"f":{"1":3,"2":12,"3":6,"4":5,"5":0,"6":1,"7":2,"8":1,"9":20,"10":3,"11":1},"fnMap":{"1":{"name":null,"line":31,"loc":{"start":{"line":31,"column":4},"end":{"line":32,"column":12}}},"2":{"name":"transfer","line":46,"loc":{"start":{"line":46,"column":4},"end":{"line":48,"column":28}}},"3":{"name":"transferFrom","line":61,"loc":{"start":{"line":61,"column":4},"end":{"line":63,"column":28}}},"4":{"name":"approve","line":77,"loc":{"start":{"line":77,"column":4},"end":{"line":79,"column":28}}},"5":{"name":"approveAndCall","line":90,"loc":{"start":{"line":90,"column":4},"end":{"line":92,"column":28}}},"6":{"name":"burn","line":103,"loc":{"start":{"line":103,"column":4},"end":{"line":105,"column":28}}},"7":{"name":"burnFrom","line":117,"loc":{"start":{"line":117,"column":4},"end":{"line":119,"column":28}}},"8":{"name":"totalSupply","line":131,"loc":{"start":{"line":131,"column":4},"end":{"line":134,"column":32}}},"9":{"name":"balanceOf","line":141,"loc":{"start":{"line":141,"column":4},"end":{"line":144,"column":28}}},"10":{"name":"allowance","line":151,"loc":{"start":{"line":151,"column":4},"end":{"line":154,"column":30}}},"11":{"name":null,"line":163,"loc":{"start":{"line":163,"column":4},"end":{"line":165,"column":13}}}},"statementMap":{"1":{"start":{"line":33,"column":8},"end":{"line":33,"column":44}},"2":{"start":{"line":34,"column":8},"end":{"line":34,"column":30}},"3":{"start":{"line":35,"column":8},"end":{"line":35,"column":24}},"4":{"start":{"line":36,"column":8},"end":{"line":36,"column":31}},"5":{"start":{"line":37,"column":8},"end":{"line":37,"column":28}},"6":{"start":{"line":38,"column":8},"end":{"line":38,"column":61}},"7":{"start":{"line":49,"column":8},"end":{"line":49,"column":33}},"8":{"start":{"line":50,"column":8},"end":{"line":50,"column":36}},"9":{"start":{"line":51,"column":8},"end":{"line":51,"column":63}},"10":{"start":{"line":52,"column":8},"end":{"line":52,"column":49}},"11":{"start":{"line":53,"column":8},"end":{"line":53,"column":47}},"12":{"start":{"line":54,"column":8},"end":{"line":54,"column":19}},"13":{"start":{"line":64,"column":8},"end":{"line":64,"column":33}},"14":{"start":{"line":65,"column":8},"end":{"line":65,"column":36}},"15":{"start":{"line":66,"column":8},"end":{"line":66,"column":53}},"16":{"start":{"line":67,"column":8},"end":{"line":67,"column":75}},"17":{"start":{"line":68,"column":8},"end":{"line":68,"column":49}},"18":{"start":{"line":69,"column":8},"end":{"line":69,"column":42}},"19":{"start":{"line":70,"column":8},"end":{"line":70,"column":19}},"20":{"start":{"line":80,"column":8},"end":{"line":80,"column":46}},"21":{"start":{"line":81,"column":8},"end":{"line":81,"column":52}},"22":{"start":{"line":82,"column":8},"end":{"line":82,"column":19}},"23":{"start":{"line":93,"column":8},"end":{"line":93,"column":46}},"24":{"start":{"line":94,"column":8},"end":{"line":94,"column":52}},"25":{"start":{"line":95,"column":8},"end":{"line":95,"column":39}},"26":{"start":{"line":96,"column":8},"end":{"line":96,"column":19}},"27":{"start":{"line":106,"column":8},"end":{"line":106,"column":63}},"28":{"start":{"line":107,"column":8},"end":{"line":107,"column":35}},"29":{"start":{"line":108,"column":8},"end":{"line":108,"column":41}},"30":{"start":{"line":109,"column":8},"end":{"line":109,"column":54}},"31":{"start":{"line":110,"column":8},"end":{"line":110,"column":19}},"32":{"start":{"line":120,"column":8},"end":{"line":120,"column":53}},"33":{"start":{"line":121,"column":8},"end":{"line":121,"column":75}},"34":{"start":{"line":122,"column":8},"end":{"line":122,"column":35}},"35":{"start":{"line":123,"column":8},"end":{"line":123,"column":36}},"36":{"start":{"line":124,"column":8},"end":{"line":124,"column":49}},"37":{"start":{"line":125,"column":8},"end":{"line":125,"column":19}},"38":{"start":{"line":135,"column":8},"end":{"line":135,"column":21}},"39":{"start":{"line":145,"column":8},"end":{"line":145,"column":37}},"40":{"start":{"line":155,"column":8},"end":{"line":155,"column":46}},"41":{"start":{"line":166,"column":8},"end":{"line":166,"column":15}}},"branchMap":{"1":{"line":49,"type":"if","locations":[{"start":{"line":49,"column":8},"end":{"line":49,"column":8}},{"start":{"line":49,"column":8},"end":{"line":49,"column":8}}]},"2":{"line":50,"type":"if","locations":[{"start":{"line":50,"column":8},"end":{"line":50,"column":8}},{"start":{"line":50,"column":8},"end":{"line":50,"column":8}}]},"3":{"line":64,"type":"if","locations":[{"start":{"line":64,"column":8},"end":{"line":64,"column":8}},{"start":{"line":64,"column":8},"end":{"line":64,"column":8}}]},"4":{"line":65,"type":"if","locations":[{"start":{"line":65,"column":8},"end":{"line":65,"column":8}},{"start":{"line":65,"column":8},"end":{"line":65,"column":8}}]}}},"contracts/ERC20Interface.sol":{"l":{},"path":"/home/peter/Documents/Work/MyBit/MyBit-Tokensale.tech/contracts/ERC20Interface.sol","s":{},"b":{},"f":{},"fnMap":{},"statementMap":{},"branchMap":{}},"contracts/SafeMath.sol":{"l":{"11":242,"12":9,"14":233,"15":233,"16":232,"24":380,"29":169,"30":166,"35":239,"36":239,"37":238},"path":"/home/peter/Documents/Work/MyBit/MyBit-Tokensale.tech/contracts/SafeMath.sol","s":{"1":242,"2":9,"3":233,"4":233,"5":232,"6":380,"7":169,"8":166,"9":239,"10":239,"11":238},"b":{"1":[9,233],"2":[232,1],"3":[166,3],"4":[238,1]},"f":{"1":242,"2":380,"3":169,"4":239},"fnMap":{"1":{"name":"mul","line":10,"loc":{"start":{"line":10,"column":2},"end":{"line":10,"column":68}}},"2":{"name":"div","line":20,"loc":{"start":{"line":20,"column":2},"end":{"line":20,"column":68}}},"3":{"name":"sub","line":28,"loc":{"start":{"line":28,"column":2},"end":{"line":28,"column":68}}},"4":{"name":"add","line":34,"loc":{"start":{"line":34,"column":2},"end":{"line":34,"column":68}}}},"statementMap":{"1":{"start":{"line":11,"column":4},"end":{"line":11,"column":388}},"2":{"start":{"line":12,"column":6},"end":{"line":12,"column":14}},"3":{"start":{"line":14,"column":4},"end":{"line":14,"column":20}},"4":{"start":{"line":15,"column":4},"end":{"line":15,"column":21}},"5":{"start":{"line":16,"column":4},"end":{"line":16,"column":12}},"6":{"start":{"line":24,"column":4},"end":{"line":24,"column":16}},"7":{"start":{"line":29,"column":4},"end":{"line":29,"column":17}},"8":{"start":{"line":30,"column":4},"end":{"line":30,"column":16}},"9":{"start":{"line":35,"column":4},"end":{"line":35,"column":20}},"10":{"start":{"line":36,"column":4},"end":{"line":36,"column":17}},"11":{"start":{"line":37,"column":4},"end":{"line":37,"column":12}}},"branchMap":{"1":{"line":11,"type":"if","locations":[{"start":{"line":11,"column":4},"end":{"line":11,"column":4}},{"start":{"line":11,"column":4},"end":{"line":11,"column":4}}]},"2":{"line":15,"type":"if","locations":[{"start":{"line":15,"column":4},"end":{"line":15,"column":4}},{"start":{"line":15,"column":4},"end":{"line":15,"column":4}}]},"3":{"line":29,"type":"if","locations":[{"start":{"line":29,"column":4},"end":{"line":29,"column":4}},{"start":{"line":29,"column":4},"end":{"line":29,"column":4}}]},"4":{"line":36,"type":"if","locations":[{"start":{"line":36,"column":4},"end":{"line":36,"column":4}},{"start":{"line":36,"column":4},"end":{"line":36,"column":4}}]}}},"contracts/SafeMathWrapper.sol":{"l":{"9":3,"13":1,"17":2,"21":2},"path":"/home/peter/Documents/Work/MyBit/MyBit-Tokensale.tech/contracts/SafeMathWrapper.sol","s":{"1":3,"2":1,"3":2,"4":2},"b":{},"f":{"1":3,"2":1,"3":2,"4":2},"fnMap":{"1":{"name":"multiply","line":8,"loc":{"start":{"line":8,"column":2},"end":{"line":8,"column":73}}},"2":{"name":"divide","line":12,"loc":{"start":{"line":12,"column":2},"end":{"line":12,"column":71}}},"3":{"name":"subtract","line":16,"loc":{"start":{"line":16,"column":2},"end":{"line":16,"column":73}}},"4":{"name":"addto","line":20,"loc":{"start":{"line":20,"column":2},"end":{"line":20,"column":70}}}},"statementMap":{"1":{"start":{"line":9,"column":4},"end":{"line":9,"column":19}},"2":{"start":{"line":13,"column":4},"end":{"line":13,"column":19}},"3":{"start":{"line":17,"column":4},"end":{"line":17,"column":19}},"4":{"start":{"line":21,"column":4},"end":{"line":21,"column":19}}},"branchMap":{}},"contracts/TokenSale.sol":{"l":{"34":2,"35":2,"36":2,"37":2,"46":4,"47":3,"48":3,"49":2,"50":2,"51":2,"61":10,"62":9,"63":8,"64":8,"65":8,"66":8,"67":8,"75":4,"76":3,"77":2,"78":2,"79":2,"80":51,"81":50,"82":50,"83":1,"85":49,"87":50,"88":50,"89":50,"92":1,"100":4,"101":2,"102":2,"103":2,"104":2,"105":2,"106":2,"114":6,"115":6,"116":5,"117":57,"118":56,"119":56,"120":56,"121":56,"123":4,"124":4,"133":2,"134":2,"135":1,"136":1,"137":1,"138":1,"147":117,"148":117,"149":117,"158":2,"159":52,"161":2,"169":3,"177":141,"185":122,"193":18,"200":2,"205":13,"206":10,"211":8,"212":6},"path":"/home/peter/Documents/Work/MyBit/MyBit-Tokensale.tech/contracts/TokenSale.sol","s":{"1":2,"2":2,"3":2,"4":2,"5":4,"6":3,"7":3,"8":2,"9":2,"10":2,"11":10,"12":9,"13":8,"14":8,"15":8,"16":8,"17":8,"18":4,"19":3,"20":2,"21":2,"22":51,"23":50,"24":50,"25":1,"26":49,"27":50,"28":50,"29":50,"30":1,"31":4,"32":2,"33":2,"34":2,"35":2,"36":2,"37":6,"38":5,"39":57,"40":56,"41":56,"42":56,"43":4,"44":4,"45":2,"46":2,"47":1,"48":1,"49":117,"50":117,"51":117,"52":2,"53":52,"54":2,"55":3,"56":141,"57":122,"58":18,"59":2,"60":13,"61":8},"b":{"1":[3,1],"2":[2,1],"3":[9,1],"4":[8,1],"5":[3,1],"6":[2,1],"7":[50,1],"8":[1,49],"9":[2,2],"10":[2,0],"11":[5,1],"12":[56,1],"13":[4,0],"14":[1,1],"15":[1,1],"16":[10,3],"17":[6,2]},"f":{"1":2,"2":4,"3":10,"4":4,"5":4,"6":6,"7":2,"8":117,"9":2,"10":3,"11":141,"12":122,"13":18,"14":2,"15":13,"16":8},"fnMap":{"1":{"name":null,"line":32,"loc":{"start":{"line":32,"column":2},"end":{"line":33,"column":10}}},"2":{"name":"startSale","line":42,"loc":{"start":{"line":42,"column":2},"end":{"line":45,"column":17}}},"3":{"name":"fund","line":56,"loc":{"start":{"line":56,"column":2},"end":{"line":60,"column":18}}},"4":{"name":"batchFund","line":71,"loc":{"start":{"line":71,"column":2},"end":{"line":74,"column":18}}},"5":{"name":"withdraw","line":97,"loc":{"start":{"line":97,"column":2},"end":{"line":99,"column":18}}},"6":{"name":"batchWithdraw","line":111,"loc":{"start":{"line":111,"column":2},"end":{"line":113,"column":18}}},"7":{"name":"foundationWithdraw","line":129,"loc":{"start":{"line":129,"column":2},"end":{"line":132,"column":17}}},"8":{"name":"getTokensOwed","line":143,"loc":{"start":{"line":143,"column":2},"end":{"line":146,"column":18}}},"9":{"name":"getTotalTokensOwed","line":154,"loc":{"start":{"line":154,"column":2},"end":{"line":157,"column":25}}},"10":{"name":"getWeiContributed","line":165,"loc":{"start":{"line":165,"column":2},"end":{"line":168,"column":18}}},"11":{"name":"dayFor","line":173,"loc":{"start":{"line":173,"column":2},"end":{"line":176,"column":20}}},"12":{"name":"dayFinished","line":181,"loc":{"start":{"line":181,"column":2},"end":{"line":184,"column":18}}},"13":{"name":"currentDay","line":189,"loc":{"start":{"line":189,"column":2},"end":{"line":192,"column":20}}},"14":{"name":null,"line":197,"loc":{"start":{"line":197,"column":2},"end":{"line":199,"column":11}}},"15":{"name":"duringSale","line":204,"loc":{"start":{"line":204,"column":2},"end":{"line":204,"column":34}}},"16":{"name":"onlyOwner","line":210,"loc":{"start":{"line":210,"column":2},"end":{"line":210,"column":20}}}},"statementMap":{"1":{"start":{"line":34,"column":4},"end":{"line":34,"column":39}},"2":{"start":{"line":35,"column":4},"end":{"line":35,"column":37}},"3":{"start":{"line":36,"column":4},"end":{"line":36,"column":35}},"4":{"start":{"line":37,"column":4},"end":{"line":37,"column":21}},"5":{"start":{"line":46,"column":4},"end":{"line":46,"column":22}},"6":{"start":{"line":47,"column":4},"end":{"line":47,"column":46}},"7":{"start":{"line":48,"column":4},"end":{"line":48,"column":72}},"8":{"start":{"line":49,"column":4},"end":{"line":49,"column":14}},"9":{"start":{"line":50,"column":4},"end":{"line":50,"column":81}},"10":{"start":{"line":51,"column":4},"end":{"line":51,"column":15}},"11":{"start":{"line":61,"column":6},"end":{"line":61,"column":32}},"12":{"start":{"line":62,"column":6},"end":{"line":62,"column":27}},"13":{"start":{"line":63,"column":6},"end":{"line":63,"column":34}},"14":{"start":{"line":64,"column":6},"end":{"line":64,"column":73}},"15":{"start":{"line":65,"column":6},"end":{"line":65,"column":87}},"16":{"start":{"line":66,"column":6},"end":{"line":66,"column":58}},"17":{"start":{"line":67,"column":6},"end":{"line":67,"column":17}},"18":{"start":{"line":75,"column":4},"end":{"line":75,"column":29}},"19":{"start":{"line":76,"column":4},"end":{"line":76,"column":25}},"20":{"start":{"line":77,"column":4},"end":{"line":77,"column":49}},"21":{"start":{"line":79,"column":4},"end":{"line":79,"column":2254}},"22":{"start":{"line":80,"column":6},"end":{"line":80,"column":35}},"23":{"start":{"line":81,"column":6},"end":{"line":81,"column":37}},"24":{"start":{"line":82,"column":6},"end":{"line":82,"column":2380}},"25":{"start":{"line":83,"column":8},"end":{"line":83,"column":42}},"26":{"start":{"line":85,"column":8},"end":{"line":85,"column":28}},"27":{"start":{"line":87,"column":6},"end":{"line":87,"column":76}},"28":{"start":{"line":88,"column":6},"end":{"line":88,"column":90}},"29":{"start":{"line":89,"column":6},"end":{"line":89,"column":64}},"30":{"start":{"line":92,"column":4},"end":{"line":92,"column":15}},"31":{"start":{"line":100,"column":6},"end":{"line":100,"column":63}},"32":{"start":{"line":101,"column":6},"end":{"line":101,"column":36}},"33":{"start":{"line":102,"column":6},"end":{"line":102,"column":50}},"34":{"start":{"line":104,"column":6},"end":{"line":104,"column":90}},"35":{"start":{"line":105,"column":6},"end":{"line":105,"column":55}},"36":{"start":{"line":106,"column":6},"end":{"line":106,"column":17}},"37":{"start":{"line":115,"column":4},"end":{"line":115,"column":29}},"38":{"start":{"line":116,"column":4},"end":{"line":116,"column":3657}},"39":{"start":{"line":117,"column":6},"end":{"line":117,"column":34}},"40":{"start":{"line":118,"column":6},"end":{"line":118,"column":58}},"41":{"start":{"line":119,"column":6},"end":{"line":119,"column":37}},"42":{"start":{"line":121,"column":6},"end":{"line":121,"column":63}},"43":{"start":{"line":123,"column":4},"end":{"line":123,"column":49}},"44":{"start":{"line":124,"column":4},"end":{"line":124,"column":15}},"45":{"start":{"line":133,"column":4},"end":{"line":133,"column":29}},"46":{"start":{"line":134,"column":4},"end":{"line":134,"column":34}},"47":{"start":{"line":137,"column":4},"end":{"line":137,"column":64}},"48":{"start":{"line":138,"column":4},"end":{"line":138,"column":15}},"49":{"start":{"line":147,"column":6},"end":{"line":147,"column":36}},"50":{"start":{"line":148,"column":6},"end":{"line":148,"column":111}},"51":{"start":{"line":149,"column":6},"end":{"line":149,"column":60}},"52":{"start":{"line":158,"column":4},"end":{"line":158,"column":5077}},"53":{"start":{"line":159,"column":6},"end":{"line":159,"column":63}},"54":{"start":{"line":161,"column":4},"end":{"line":161,"column":17}},"55":{"start":{"line":169,"column":4},"end":{"line":169,"column":49}},"56":{"start":{"line":177,"column":6},"end":{"line":177,"column":56}},"57":{"start":{"line":185,"column":4},"end":{"line":185,"column":29}},"58":{"start":{"line":193,"column":4},"end":{"line":193,"column":22}},"59":{"start":{"line":200,"column":6},"end":{"line":200,"column":32}},"60":{"start":{"line":205,"column":4},"end":{"line":205,"column":43}},"61":{"start":{"line":211,"column":4},"end":{"line":211,"column":31}}},"branchMap":{"1":{"line":46,"type":"if","locations":[{"start":{"line":46,"column":4},"end":{"line":46,"column":4}},{"start":{"line":46,"column":4},"end":{"line":46,"column":4}}]},"2":{"line":48,"type":"if","locations":[{"start":{"line":48,"column":4},"end":{"line":48,"column":4}},{"start":{"line":48,"column":4},"end":{"line":48,"column":4}}]},"3":{"line":61,"type":"if","locations":[{"start":{"line":61,"column":6},"end":{"line":61,"column":6}},{"start":{"line":61,"column":6},"end":{"line":61,"column":6}}]},"4":{"line":62,"type":"if","locations":[{"start":{"line":62,"column":6},"end":{"line":62,"column":6}},{"start":{"line":62,"column":6},"end":{"line":62,"column":6}}]},"5":{"line":75,"type":"if","locations":[{"start":{"line":75,"column":4},"end":{"line":75,"column":4}},{"start":{"line":75,"column":4},"end":{"line":75,"column":4}}]},"6":{"line":76,"type":"if","locations":[{"start":{"line":76,"column":4},"end":{"line":76,"column":4}},{"start":{"line":76,"column":4},"end":{"line":76,"column":4}}]},"7":{"line":80,"type":"if","locations":[{"start":{"line":80,"column":6},"end":{"line":80,"column":6}},{"start":{"line":80,"column":6},"end":{"line":80,"column":6}}]},"8":{"line":82,"type":"if","locations":[{"start":{"line":82,"column":6},"end":{"line":82,"column":6}},{"start":{"line":82,"column":6},"end":{"line":82,"column":6}}]},"9":{"line":100,"type":"if","locations":[{"start":{"line":100,"column":6},"end":{"line":100,"column":6}},{"start":{"line":100,"column":6},"end":{"line":100,"column":6}}]},"10":{"line":104,"type":"if","locations":[{"start":{"line":104,"column":6},"end":{"line":104,"column":6}},{"start":{"line":104,"column":6},"end":{"line":104,"column":6}}]},"11":{"line":115,"type":"if","locations":[{"start":{"line":115,"column":4},"end":{"line":115,"column":4}},{"start":{"line":115,"column":4},"end":{"line":115,"column":4}}]},"12":{"line":117,"type":"if","locations":[{"start":{"line":117,"column":6},"end":{"line":117,"column":6}},{"start":{"line":117,"column":6},"end":{"line":117,"column":6}}]},"13":{"line":123,"type":"if","locations":[{"start":{"line":123,"column":4},"end":{"line":123,"column":4}},{"start":{"line":123,"column":4},"end":{"line":123,"column":4}}]},"14":{"line":134,"type":"if","locations":[{"start":{"line":134,"column":4},"end":{"line":134,"column":4}},{"start":{"line":134,"column":4},"end":{"line":134,"column":4}}]},"15":{"line":200,"type":"if","locations":[{"start":{"line":200,"column":6},"end":{"line":200,"column":6}},{"start":{"line":200,"column":6},"end":{"line":200,"column":6}}]},"16":{"line":205,"type":"if","locations":[{"start":{"line":205,"column":4},"end":{"line":205,"column":4}},{"start":{"line":205,"column":4},"end":{"line":205,"column":4}}]},"17":{"line":211,"type":"if","locations":[{"start":{"line":211,"column":4},"end":{"line":211,"column":4}},{"start":{"line":211,"column":4},"end":{"line":211,"column":4}}]}}}}