TN:
SF:/home/dog/code/mybit/tokensale/contracts/ERC20.sol
FN:31,
FN:46,transfer
FN:61,transferFrom
FN:77,approve
FN:90,approveAndCall
FN:103,burn
FN:117,burnFrom
FN:131,totalSupply
FN:141,balanceOf
FN:151,allowance
FN:163,
FNF:11
FNH:5
FNDA:2,
FNDA:8,transfer
FNDA:3,transferFrom
FNDA:4,approve
FNDA:0,approveAndCall
FNDA:0,burn
FNDA:0,burnFrom
FNDA:0,totalSupply
FNDA:16,balanceOf
FNDA:0,allowance
FNDA:0,
DA:33,2
DA:34,2
DA:35,2
DA:36,2
DA:37,2
DA:38,2
DA:49,8
DA:50,8
DA:51,8
DA:52,8
DA:53,8
DA:54,8
DA:64,3
DA:65,3
DA:66,3
DA:67,3
DA:68,2
DA:69,2
DA:70,2
DA:80,4
DA:81,4
DA:82,4
DA:93,0
DA:94,0
DA:95,0
DA:96,0
DA:106,0
DA:107,0
DA:108,0
DA:109,0
DA:110,0
DA:120,0
DA:121,0
DA:122,0
DA:123,0
DA:124,0
DA:125,0
DA:135,0
DA:145,16
DA:155,0
DA:166,0
LF:41
LH:23
BRDA:49,1,0,8
BRDA:49,1,1,0
BRDA:50,2,0,8
BRDA:50,2,1,0
BRDA:64,3,0,3
BRDA:64,3,1,0
BRDA:65,4,0,3
BRDA:65,4,1,0
BRF:8
BRH:4
end_of_record
TN:
SF:/home/dog/code/mybit/tokensale/contracts/ERC20Interface.sol
FNF:0
FNH:0
LF:0
LH:0
BRF:0
BRH:0
end_of_record
TN:
SF:/home/dog/code/mybit/tokensale/contracts/SafeMath.sol
FN:10,mul
FN:20,div
FN:28,sub
FN:34,add
FNF:4
FNH:4
FNDA:239,mul
FNDA:384,div
FNDA:162,sub
FNDA:262,add
DA:11,239
DA:12,8
DA:14,231
DA:15,231
DA:16,231
DA:24,384
DA:29,162
DA:30,161
DA:35,262
DA:36,262
DA:37,262
LF:11
LH:11
BRDA:11,1,0,8
BRDA:11,1,1,231
BRDA:15,2,0,231
BRDA:15,2,1,0
BRDA:29,3,0,161
BRDA:29,3,1,1
BRDA:36,4,0,262
BRDA:36,4,1,0
BRF:8
BRH:6
end_of_record
TN:
SF:/home/dog/code/mybit/tokensale/contracts/TokenSale.sol
FN:32,
FN:42,startSale
FN:56,fund
FN:72,withdraw
FN:86,batchWithdraw
FN:104,foundationWithdraw
FN:118,getTokensOwed
FN:129,getTotalTokensOwed
FN:140,getWeiContributed
FN:148,dayFor
FN:156,dayFinished
FN:164,currentDay
FN:172,
FN:179,duringSale
FN:185,onlyOwner
FNF:15
FNH:14
FNDA:2,
FNDA:4,startSale
FNDA:74,fund
FNDA:4,withdraw
FNDA:5,batchWithdraw
FNDA:2,foundationWithdraw
FNDA:117,getTokensOwed
FNDA:2,getTotalTokensOwed
FNDA:3,getWeiContributed
FNDA:148,dayFor
FNDA:135,dayFinished
FNDA:12,currentDay
FNDA:0,
FNDA:76,duringSale
FNDA:8,onlyOwner
DA:34,2
DA:35,2
DA:36,2
DA:37,2
DA:46,4
DA:47,3
DA:48,3
DA:49,2
DA:50,2
DA:51,2
DA:61,74
DA:62,73
DA:63,72
DA:64,72
DA:65,72
DA:66,72
DA:67,72
DA:75,4
DA:76,2
DA:77,2
DA:78,2
DA:79,2
DA:80,2
DA:81,2
DA:89,5
DA:90,5
DA:91,5
DA:92,57
DA:93,56
DA:94,56
DA:95,56
DA:96,56
DA:98,4
DA:99,4
DA:108,2
DA:109,2
DA:110,1
DA:111,1
DA:112,1
DA:113,1
DA:122,117
DA:123,117
DA:124,117
DA:133,2
DA:134,52
DA:136,2
DA:144,3
DA:152,148
DA:160,135
DA:168,12
DA:175,0
DA:180,76
DA:181,74
DA:186,8
DA:187,6
LF:55
LH:54
BRDA:46,1,0,3
BRDA:46,1,1,1
BRDA:48,2,0,2
BRDA:48,2,1,1
BRDA:61,3,0,73
BRDA:61,3,1,1
BRDA:62,4,0,72
BRDA:62,4,1,1
BRDA:75,5,0,2
BRDA:75,5,1,2
BRDA:79,6,0,2
BRDA:79,6,1,0
BRDA:90,7,0,5
BRDA:90,7,1,0
BRDA:92,8,0,56
BRDA:92,8,1,1
BRDA:98,9,0,4
BRDA:98,9,1,0
BRDA:109,10,0,1
BRDA:109,10,1,1
BRDA:175,11,0,0
BRDA:175,11,1,0
BRDA:180,12,0,74
BRDA:180,12,1,2
BRDA:186,13,0,6
BRDA:186,13,1,2
BRF:26
BRH:21
end_of_record
