TN:
SF:/home/peter/Documents/Work/MyBit/MyBit-Tokensale.tech/contracts/ERC20.sol
FN:31,
FN:46,transfer
FN:61,transferFrom
FN:77,burn
FN:91,burnFrom
FN:106,approve
FN:118,totalSupply
FN:128,balanceOf
FN:138,allowance
FN:150,
FNF:10
FNH:10
FNDA:4,
FNDA:32,transfer
FNDA:10,transferFrom
FNDA:1,burn
FNDA:1,burnFrom
FNDA:6,approve
FNDA:1,totalSupply
FNDA:32,balanceOf
FNDA:3,allowance
FNDA:1,
DA:33,4
DA:34,4
DA:35,4
DA:36,4
DA:37,4
DA:38,4
DA:49,32
DA:50,30
DA:51,28
DA:52,28
DA:53,28
DA:54,28
DA:64,10
DA:65,8
DA:66,6
DA:67,6
DA:68,4
DA:69,4
DA:70,4
DA:80,1
DA:81,1
DA:82,1
DA:83,1
DA:84,1
DA:94,1
DA:95,1
DA:96,1
DA:97,1
DA:98,1
DA:99,1
DA:109,6
DA:110,6
DA:111,6
DA:122,1
DA:132,32
DA:142,3
DA:153,1
LF:37
LH:37
BRDA:49,1,0,30
BRDA:49,1,1,2
BRDA:50,2,0,28
BRDA:50,2,1,2
BRDA:64,3,0,8
BRDA:64,3,1,2
BRDA:65,4,0,6
BRDA:65,4,1,2
BRF:8
BRH:8
end_of_record
TN:
SF:/home/peter/Documents/Work/MyBit/MyBit-Tokensale.tech/contracts/ERC20Interface.sol
FNF:0
FNH:0
LF:0
LH:0
BRF:0
BRH:0
end_of_record
TN:
SF:/home/peter/Documents/Work/MyBit/MyBit-Tokensale.tech/contracts/SafeMath.sol
FN:10,mul
FN:20,div
FN:28,sub
FN:34,add
FNF:4
FNH:4
FNDA:1191,mul
FNDA:2173,div
FNDA:1043,sub
FNDA:1455,add
DA:11,1191
DA:12,191
DA:14,1000
DA:15,1000
DA:16,999
DA:24,2173
DA:29,1043
DA:30,1040
DA:35,1455
DA:36,1455
DA:37,1454
LF:11
LH:11
BRDA:11,1,0,191
BRDA:11,1,1,1000
BRDA:15,2,0,999
BRDA:15,2,1,1
BRDA:29,3,0,1040
BRDA:29,3,1,3
BRDA:36,4,0,1454
BRDA:36,4,1,1
BRF:8
BRH:8
end_of_record
TN:
SF:/home/peter/Documents/Work/MyBit/MyBit-Tokensale.tech/contracts/SafeMathWrapper.sol
FN:8,multiply
FN:12,divide
FN:16,subtract
FN:20,addto
FNF:4
FNH:4
FNDA:3,multiply
FNDA:1,divide
FNDA:2,subtract
FNDA:2,addto
DA:9,3
DA:13,1
DA:17,2
DA:21,2
LF:4
LH:4
BRF:0
BRH:0
end_of_record
TN:
SF:/home/peter/Documents/Work/MyBit/MyBit-Tokensale.tech/contracts/TokenSale.sol
FN:30,
FN:40,startSale
FN:56,fund
FN:66,batchFund
FN:82,withdraw
FN:96,batchWithdraw
FN:115,foundationWithdraw
FN:131,addContribution
FN:145,getTokensOwed
FN:155,getTotalTokensOwed
FN:166,getWeiContributed
FN:173,getTotalWeiContributed
FN:181,dayFor
FN:190,dayFinished
FN:198,duringSale
FN:207,currentDay
FN:215,
FN:222,onlyOwner
FNF:18
FNH:18
FNDA:3,
FNDA:11,startSale
FNDA:21,fund
FNDA:22,batchFund
FNDA:10,withdraw
FNDA:22,batchWithdraw
FNDA:3,foundationWithdraw
FNDA:444,addContribution
FNDA:583,getTokensOwed
FNDA:2,getTotalTokensOwed
FNDA:5,getWeiContributed
FNDA:5,getTotalWeiContributed
FNDA:991,dayFor
FNDA:957,dayFinished
FNDA:442,duringSale
FNDA:25,currentDay
FNDA:4,
FNDA:16,onlyOwner
DA:32,3
DA:33,3
DA:34,3
DA:35,3
DA:44,11
DA:45,9
DA:46,5
DA:47,5
DA:48,3
DA:49,3
DA:50,3
DA:60,21
DA:61,11
DA:70,22
DA:71,20
DA:72,14
DA:73,14
DA:74,12
DA:75,419
DA:77,10
DA:85,10
DA:86,6
DA:87,6
DA:88,6
DA:89,6
DA:90,6
DA:91,6
DA:99,22
DA:100,22
DA:101,20
DA:102,513
DA:103,511
DA:104,511
DA:105,511
DA:106,511
DA:108,18
DA:109,18
DA:119,3
DA:120,3
DA:121,1
DA:122,1
DA:123,1
DA:124,1
DA:134,444
DA:135,439
DA:136,433
DA:137,429
DA:138,429
DA:139,429
DA:140,429
DA:141,429
DA:149,583
DA:150,583
DA:151,583
DA:159,2
DA:160,52
DA:162,2
DA:170,5
DA:177,5
DA:185,991
DA:194,957
DA:202,442
DA:211,25
DA:218,4
DA:223,16
DA:224,14
LF:66
LH:66
BRDA:44,1,0,9
BRDA:44,1,1,2
BRDA:45,2,0,5
BRDA:45,2,1,4
BRDA:47,3,0,3
BRDA:47,3,1,2
BRDA:60,4,0,11
BRDA:60,4,1,10
BRDA:70,5,0,20
BRDA:70,5,1,2
BRDA:71,6,0,14
BRDA:71,6,1,6
BRDA:73,7,0,12
BRDA:73,7,1,2
BRDA:75,8,0,417
BRDA:75,8,1,2
BRDA:85,9,0,6
BRDA:85,9,1,4
BRDA:100,10,0,20
BRDA:100,10,1,2
BRDA:102,11,0,511
BRDA:102,11,1,2
BRDA:120,12,0,1
BRDA:120,12,1,2
BRDA:134,13,0,439
BRDA:134,13,1,5
BRDA:135,14,0,433
BRDA:135,14,1,6
BRDA:136,15,0,429
BRDA:136,15,1,4
BRDA:185,16,0,2
BRDA:185,16,1,989
BRDA:218,17,0,1
BRDA:218,17,1,3
BRDA:223,18,0,14
BRDA:223,18,1,2
BRF:36
BRH:36
end_of_record
